2022-07-18 21:34:16.160  INFO 2024 --- [restartedMain] c.n.community.CommunityApplication       : Starting CommunityApplication using Java 18.0.1.1 on 4Xi with PID 2024 (W:\maven_project\community\target\classes started by 4Xi in W:\maven_project\community)
2022-07-18 21:34:16.161 DEBUG 2024 --- [restartedMain] c.n.community.CommunityApplication       : Running with Spring Boot v2.7.1, Spring v5.3.21
2022-07-18 21:34:16.161  INFO 2024 --- [restartedMain] c.n.community.CommunityApplication       : No active profile set, falling back to 1 default profile: "default"
2022-07-18 21:34:16.290  INFO 2024 --- [restartedMain] o.s.b.w.embedded.tomcat.TomcatWebServer  : Tomcat initialized with port(s): 8080 (http)
2022-07-18 21:34:16.290  INFO 2024 --- [restartedMain] o.apache.catalina.core.StandardService   : Starting service [Tomcat]
2022-07-18 21:34:16.290  INFO 2024 --- [restartedMain] org.apache.catalina.core.StandardEngine  : Starting Servlet engine: [Apache Tomcat/9.0.64]
2022-07-18 21:34:16.301  INFO 2024 --- [restartedMain] o.a.c.c.C.[.[localhost].[/community]     : Initializing Spring embedded WebApplicationContext
2022-07-18 21:34:16.301  INFO 2024 --- [restartedMain] w.s.c.ServletWebServerApplicationContext : Root WebApplicationContext: initialization completed in 139 ms
2022-07-18 21:34:16.361  INFO 2024 --- [restartedMain] o.s.b.a.w.s.WelcomePageHandlerMapping    : Adding welcome page template: index
2022-07-18 21:34:16.390  INFO 2024 --- [restartedMain] o.s.b.d.a.OptionalLiveReloadServer       : LiveReload server is running on port 35729
2022-07-18 21:34:16.397  INFO 2024 --- [restartedMain] o.s.b.w.embedded.tomcat.TomcatWebServer  : Tomcat started on port(s): 8080 (http) with context path '/community'
2022-07-18 21:34:16.401  INFO 2024 --- [restartedMain] c.n.community.CommunityApplication       : Started CommunityApplication in 0.261 seconds (JVM running for 2490.929)
2022-07-18 21:34:16.401  INFO 2024 --- [restartedMain] .ConditionEvaluationDeltaLoggingListener : Condition evaluation unchanged
2022-07-18 21:34:16.497  INFO 11732 --- [main] com.newcoder.community.LoggerTest        : Starting LoggerTest using Java 18.0.1.1 on 4Xi with PID 11732 (started by 4Xi in W:\maven_project\community)
2022-07-18 21:34:16.498 DEBUG 11732 --- [main] com.newcoder.community.LoggerTest        : Running with Spring Boot v2.7.1, Spring v5.3.21
2022-07-18 21:34:16.498  INFO 11732 --- [main] com.newcoder.community.LoggerTest        : No active profile set, falling back to 1 default profile: "default"
2022-07-18 21:34:17.565  INFO 11732 --- [main] o.s.b.a.w.s.WelcomePageHandlerMapping    : Adding welcome page template: index
2022-07-18 21:34:17.809  INFO 11732 --- [main] com.newcoder.community.LoggerTest        : Started LoggerTest in 1.516 seconds (JVM running for 2.104)
2022-07-18 21:34:18.093 DEBUG 11732 --- [main] com.newcoder.community.LoggerTest        : Debug log
2022-07-18 21:34:18.093  INFO 11732 --- [main] com.newcoder.community.LoggerTest        : Info log
2022-07-18 21:34:18.093  WARN 11732 --- [main] com.newcoder.community.LoggerTest        : warnning log
2022-07-18 21:34:18.093 ERROR 11732 --- [main] com.newcoder.community.LoggerTest        : error log
